<?xml version="1.0" encoding="UTF-8"?>
<!-- Generated by org.testng.reporters.JUnitXMLReporter -->
<testsuite ignored="5" hostname="LAPTOP-BHKF9L3F" failures="0" tests="2" name="groupsdemo" time="0.08" errors="0" timestamp="2024-03-06T14:24:05 IST">
  <testcase classname="com.groups.demo.Groups" name="test1" time="0.016"/>
  <testcase classname="com.groups.demo.Groups1" name="test4" time="0.002"/>
  <testcase classname="com.groups.demo.Groups1" name="test7" time="0.0">
    <ignored/>
  </testcase> <!-- test7 -->
  <testcase classname="com.groups.demo.Groups" name="test2" time="0.0">
    <ignored/>
  </testcase> <!-- test2 -->
  <testcase classname="com.groups.demo.Groups1" name="test6" time="0.0">
    <ignored/>
  </testcase> <!-- test6 -->
  <testcase classname="com.groups.demo.Groups" name="test3" time="0.0">
    <ignored/>
  </testcase> <!-- test3 -->
  <testcase classname="com.groups.demo.Groups1" name="test5" time="0.0">
    <ignored/>
  </testcase> <!-- test5 -->
</testsuite> <!-- groupsdemo -->
