<?xml version="1.0" encoding="UTF-8"?>
<!-- Generated by org.testng.reporters.JUnitXMLReporter -->
<testsuite ignored="0" hostname="LAPTOP-BHKF9L3F" failures="1" tests="3" name="listdemo" time="1.109" errors="0" timestamp="2024-03-06T16:58:45 IST">
  <testcase classname="com.listners.TestClass1" name="test1" time="0.009"/>
  <testcase classname="com.listners.TestClass1" name="test2" time="1.016">
    <failure type="org.testng.internal.thread.ThreadTimeoutException" message="Method com.listners.TestClass1.test2() didn&amp;apos;t finish within the time-out 1000">
      <![CDATA[org.testng.internal.thread.ThreadTimeoutException: Method com.listners.TestClass1.test2() didn't finish within the time-out 1000
at java.base@17.0.9/java.lang.Thread.sleep(Native Method)
at app//com.listners.TestClass1.test2(TestClass1.java:15)
at java.base@17.0.9/java.util.concurrent.FutureTask.run(FutureTask.java:264)
at java.base@17.0.9/java.util.concurrent.ThreadPoolExecutor.runWorker(ThreadPoolExecutor.java:1136)
at java.base@17.0.9/java.util.concurrent.ThreadPoolExecutor$Worker.run(ThreadPoolExecutor.java:635)
at java.base@17.0.9/java.lang.Thread.run(Thread.java:840)
... Removed 8 stack frames]]>
    </failure>
  </testcase> <!-- test2 -->
  <testcase classname="com.listners.TestClass1" name="test3" time="0.0">
    <skipped/>
  </testcase> <!-- test3 -->
</testsuite> <!-- listdemo -->
