<?xml version="1.0" encoding="UTF-8"?>
<!-- Generated by org.testng.reporters.JUnitXMLReporter -->
<testsuite ignored="0" hostname="LAPTOP-BHKF9L3F" failures="0" tests="10" name="test1" time="0.082" errors="0" timestamp="2024-03-06T14:58:22 IST">
  <testcase classname="com.paralleltesting.TestCalss3" name="test10" time="0.009"/>
  <testcase classname="com.paralleltesting.TestCalss2" name="test4" time="0.009"/>
  <testcase classname="com.paralleltesting.TestCalss1" name="test1" time="0.009"/>
  <testcase classname="com.paralleltesting.TestCalss1" name="test2" time="0.002"/>
  <testcase classname="com.paralleltesting.TestCalss3" name="test8" time="0.001"/>
  <testcase classname="com.paralleltesting.TestCalss2" name="test5" time="0.003"/>
  <testcase classname="com.paralleltesting.TestCalss1" name="test3" time="0.001"/>
  <testcase classname="com.paralleltesting.TestCalss3" name="test9" time="0.003"/>
  <testcase classname="com.paralleltesting.TestCalss2" name="test6" time="0.002"/>
  <testcase classname="com.paralleltesting.TestCalss2" name="test7" time="0.001"/>
</testsuite> <!-- test1 -->
