<?xml version="1.0" encoding="UTF-8"?>
<testng-results ignored="0" total="1" passed="1" failed="0" skipped="0">
  <reporter-output>
  </reporter-output>
  <suite started-at="2024-03-06T16:10:35 IST" name="Suite" finished-at="2024-03-06T16:10:40 IST" duration-ms="4973">
    <groups>
    </groups>
    <test started-at="2024-03-06T16:10:35 IST" name="Test" finished-at="2024-03-06T16:10:40 IST" duration-ms="4973">
      <class name="com.parameters.Parametersample1">
        <test-method is-config="true" signature="launchbrow(java.lang.String)[pri:0, instance:com.parameters.Parametersample1@2ddc9a9f]" started-at="2024-03-06T16:10:35 IST" name="launchbrow" finished-at="2024-03-06T16:10:37 IST" duration-ms="2613" status="PASS">
          <params>
            <param index="0">
              <value>
                <![CDATA[chrome]]>
              </value>
            </param>
          </params>
          <reporter-output>
          </reporter-output>
        </test-method> <!-- launchbrow -->
        <test-method signature="m1(java.lang.String)[pri:0, instance:com.parameters.Parametersample1@2ddc9a9f]" started-at="2024-03-06T16:10:37 IST" name="m1" finished-at="2024-03-06T16:10:40 IST" duration-ms="2313" status="PASS">
          <params>
            <param index="0">
              <value>
                <![CDATA[https://www.flipkart.com/]]>
              </value>
            </param>
          </params>
          <reporter-output>
          </reporter-output>
        </test-method> <!-- m1 -->
      </class> <!-- com.parameters.Parametersample1 -->
    </test> <!-- Test -->
  </suite> <!-- Suite -->
</testng-results>
